Processing elecrow_rotary_21 (platform: espressif32 @ 6.5.0; board: esp32-s3-devkitc-1; framework: arduino)
--------------------------------------------------------------------------------
Verbose mode can be enabled via `-v, --verbose` option
CONFIGURATION: https://docs.platformio.org/page/boards/espressif32/esp32-s3-devkitc-1.html
PLATFORM: Espressif 32 (6.5.0) > Espressif ESP32-S3-DevKitC-1-N8 (8 MB QD, No PSRAM)
HARDWARE: ESP32S3 240MHz, 320KB RAM, 8MB Flash
DEBUG: Current (esp-builtin) On-board (esp-builtin) External (cmsis-dap, esp-bridge, esp-prog, iot-bus-jtag, jlink, minimodule, olimex-arm-usb-ocd, olimex-arm-usb-ocd-h, olimex-arm-usb-tiny-h, olimex-jtag-tiny, tumpa)
PACKAGES: 
 - framework-arduinoespressif32 @ 3.20014.231204 (2.0.14) 
 - tool-esptoolpy @ 1.40501.0 (4.5.1) 
 - toolchain-riscv32-esp @ 8.4.0+2021r2-patch5 
 - toolchain-xtensa-esp32s3 @ 8.4.0+2021r2-patch5
LDF: Library Dependency Finder -> https://bit.ly/configure-pio-ldf
LDF Modes: Finder ~ chain, Compatibility ~ soft
Found 56 compatible libraries
Scanning dependencies...
Dependency Graph
|-- FS @ 2.0.0
|-- SPIFFS @ 2.0.0
|-- Wire @ 2.0.0
|-- SPI @ 2.0.0
|-- ble_ota_dfu @ 1.0.0
|-- NimBLE-Arduino @ 1.4.3
|-- ESPAsyncWebServer @ 3.9.1+sha.30a4976
|-- ArduinoJson @ 7.4.3
|-- MQTT @ 2.5.2
|-- esp-arduino-ble-scales @ 0.0.0+20260406231902.sha.46bae8c
|-- HomeSpan @ 1.9.1
|-- Adafruit PCF8574 @ 1.1.2
|-- GFX Library for Arduino @ 1.4.0
|-- lvgl @ 8.3.11
|-- SD_MMC @ 2.0.0
|-- WiFi @ 2.0.0
|-- ESPmDNS @ 2.0.0
|-- HTTPClient @ 2.0.0
|-- DNSServer @ 2.0.0
|-- NimBLEComm @ 1.0.0
|-- OTA
|-- Preferences @ 2.0.0
Building in release mode
Compiling .pio\build\elecrow_rotary_21\src\display\main.cpp.o
Compiling .pio\build\elecrow_rotary_21\src\display\ui\default\DefaultUI.cpp.o
Compiling .pio\build\elecrow_rotary_21\src\display\ui\default\lvgl\ui_events.cpp.o
Compiling .pio\build\elecrow_rotary_21\src\display\ui\default\lvgl\ui_themes.cpp.o
Building .pio\build\elecrow_rotary_21\bootloader.bin
Generating partitions .pio\build\elecrow_rotary_21\partitions.bin
esptool.py v4.5.1
Creating esp32s3 image...
Merged 1 ELF section
Successfully created esp32s3 image.
Compiling .pio\build\elecrow_rotary_21\lib902\FS\FS.cpp.o
Compiling .pio\build\elecrow_rotary_21\lib902\FS\vfs_api.cpp.o
Compiling .pio\build\elecrow_rotary_21\libed2\SPIFFS\SPIFFS.cpp.o
Compiling .pio\build\elecrow_rotary_21\libc15\Wire\Wire.cpp.o
Compiling .pio\build\elecrow_rotary_21\lib296\SPI\SPI.cpp.o
Compiling .pio\build\elecrow_rotary_21\lib442\FFat\FFat.cpp.o
Compiling .pio\build\elecrow_rotary_21\lib867\NimBLE-Arduino\NimBLE2904.cpp.o
Compiling .pio\build\elecrow_rotary_21\lib867\NimBLE-Arduino\NimBLEAddress.cpp.o
Compiling .pio\build\elecrow_rotary_21\lib867\NimBLE-Arduino\NimBLEAdvertisedDevice.cpp.o
Compiling .pio\build\elecrow_rotary_21\lib867\NimBLE-Arduino\NimBLEAdvertising.cpp.o
Archiving .pio\build\elecrow_rotary_21\lib902\libFS.a
Archiving .pio\build\elecrow_rotary_21\libed2\libSPIFFS.a
Compiling .pio\build\elecrow_rotary_21\lib867\NimBLE-Arduino\NimBLEBeacon.cpp.o
Compiling .pio\build\elecrow_rotary_21\lib867\NimBLE-Arduino\NimBLECharacteristic.cpp.o
Compiling .pio\build\elecrow_rotary_21\lib867\NimBLE-Arduino\NimBLEClient.cpp.o
Archiving .pio\build\elecrow_rotary_21\libc15\libWire.a
Compiling .pio\build\elecrow_rotary_21\lib867\NimBLE-Arduino\NimBLEDescriptor.cpp.o
Compiling .pio\build\elecrow_rotary_21\lib867\NimBLE-Arduino\NimBLEDevice.cpp.o
Archiving .pio\build\elecrow_rotary_21\lib296\libSPI.a
Compiling .pio\build\elecrow_rotary_21\lib867\NimBLE-Arduino\NimBLEEddystoneTLM.cpp.o
Compiling .pio\build\elecrow_rotary_21\lib867\NimBLE-Arduino\NimBLEEddystoneURL.cpp.o
Archiving .pio\build\elecrow_rotary_21\lib442\libFFat.a
Compiling .pio\build\elecrow_rotary_21\lib867\NimBLE-Arduino\NimBLEExtAdvertising.cpp.o
Compiling .pio\build\elecrow_rotary_21\lib867\NimBLE-Arduino\NimBLEHIDDevice.cpp.o
Compiling .pio\build\elecrow_rotary_21\lib867\NimBLE-Arduino\NimBLERemoteCharacteristic.cpp.o
Compiling .pio\build\elecrow_rotary_21\lib867\NimBLE-Arduino\NimBLERemoteDescriptor.cpp.o
Compiling .pio\build\elecrow_rotary_21\lib867\NimBLE-Arduino\NimBLERemoteService.cpp.o
Compiling .pio\build\elecrow_rotary_21\lib867\NimBLE-Arduino\NimBLEScan.cpp.o
Compiling .pio\build\elecrow_rotary_21\lib867\NimBLE-Arduino\NimBLESecurity.cpp.o
Compiling .pio\build\elecrow_rotary_21\lib867\NimBLE-Arduino\NimBLEServer.cpp.o
Compiling .pio\build\elecrow_rotary_21\lib867\NimBLE-Arduino\NimBLEService.cpp.o
Compiling .pio\build\elecrow_rotary_21\lib867\NimBLE-Arduino\NimBLEUUID.cpp.o
Compiling .pio\build\elecrow_rotary_21\lib867\NimBLE-Arduino\NimBLEUtils.cpp.o
Compiling .pio\build\elecrow_rotary_21\lib867\NimBLE-Arduino\nimble\esp_port\esp-hci\src\esp_nimble_hci.c.o
Compiling .pio\build\elecrow_rotary_21\lib867\NimBLE-Arduino\nimble\esp_port\port\src\esp_nimble_mem.c.o
Compiling .pio\build\elecrow_rotary_21\lib867\NimBLE-Arduino\nimble\ext\tinycrypt\src\aes_decrypt.c.o
Compiling .pio\build\elecrow_rotary_21\lib867\NimBLE-Arduino\nimble\ext\tinycrypt\src\aes_encrypt.c.o
Compiling .pio\build\elecrow_rotary_21\lib867\NimBLE-Arduino\nimble\ext\tinycrypt\src\cbc_mode.c.o
Compiling .pio\build\elecrow_rotary_21\lib867\NimBLE-Arduino\nimble\ext\tinycrypt\src\ccm_mode.c.o
Compiling .pio\build\elecrow_rotary_21\lib867\NimBLE-Arduino\nimble\ext\tinycrypt\src\cmac_mode.c.o
Compiling .pio\build\elecrow_rotary_21\lib867\NimBLE-Arduino\nimble\ext\tinycrypt\src\ctr_mode.c.o
Compiling .pio\build\elecrow_rotary_21\lib867\NimBLE-Arduino\nimble\ext\tinycrypt\src\ctr_prng.c.o
Compiling .pio\build\elecrow_rotary_21\lib867\NimBLE-Arduino\nimble\ext\tinycrypt\src\ecc.c.o
Compiling .pio\build\elecrow_rotary_21\lib867\NimBLE-Arduino\nimble\ext\tinycrypt\src\ecc_dh.c.o
Compiling .pio\build\elecrow_rotary_21\lib867\NimBLE-Arduino\nimble\ext\tinycrypt\src\ecc_dsa.c.o
Compiling .pio\build\elecrow_rotary_21\lib867\NimBLE-Arduino\nimble\ext\tinycrypt\src\ecc_platform_specific.c.o
Compiling .pio\build\elecrow_rotary_21\lib867\NimBLE-Arduino\nimble\ext\tinycrypt\src\hmac.c.o
Compiling .pio\build\elecrow_rotary_21\lib867\NimBLE-Arduino\nimble\ext\tinycrypt\src\hmac_prng.c.o
Compiling .pio\build\elecrow_rotary_21\lib867\NimBLE-Arduino\nimble\ext\tinycrypt\src\sha256.c.o
Compiling .pio\build\elecrow_rotary_21\lib867\NimBLE-Arduino\nimble\ext\tinycrypt\src\utils.c.o
Compiling .pio\build\elecrow_rotary_21\lib867\NimBLE-Arduino\nimble\nimble\controller\src\ble_ll.c.o
Compiling .pio\build\elecrow_rotary_21\lib867\NimBLE-Arduino\nimble\nimble\controller\src\ble_ll_adv.c.o
Compiling .pio\build\elecrow_rotary_21\lib867\NimBLE-Arduino\nimble\nimble\controller\src\ble_ll_conn.c.o
Compiling .pio\build\elecrow_rotary_21\lib867\NimBLE-Arduino\nimble\nimble\controller\src\ble_ll_conn_hci.c.o
Compiling .pio\build\elecrow_rotary_21\lib867\NimBLE-Arduino\nimble\nimble\controller\src\ble_ll_ctrl.c.o
Compiling .pio\build\elecrow_rotary_21\lib867\NimBLE-Arduino\nimble\nimble\controller\src\ble_ll_dtm.c.o
Compiling .pio\build\elecrow_rotary_21\lib867\NimBLE-Arduino\nimble\nimble\controller\src\ble_ll_hci.c.o
Compiling .pio\build\elecrow_rotary_21\lib867\NimBLE-Arduino\nimble\nimble\controller\src\ble_ll_hci_ev.c.o
Compiling .pio\build\elecrow_rotary_21\lib867\NimBLE-Arduino\nimble\nimble\controller\src\ble_ll_iso.c.o
Compiling .pio\build\elecrow_rotary_21\lib867\NimBLE-Arduino\nimble\nimble\controller\src\ble_ll_rand.c.o
Compiling .pio\build\elecrow_rotary_21\lib867\NimBLE-Arduino\nimble\nimble\controller\src\ble_ll_resolv.c.o
Compiling .pio\build\elecrow_rotary_21\lib867\NimBLE-Arduino\nimble\nimble\controller\src\ble_ll_rfmgmt.c.o
Compiling .pio\build\elecrow_rotary_21\lib867\NimBLE-Arduino\nimble\nimble\controller\src\ble_ll_scan.c.o
Compiling .pio\build\elecrow_rotary_21\lib867\NimBLE-Arduino\nimble\nimble\controller\src\ble_ll_sched.c.o
Compiling .pio\build\elecrow_rotary_21\lib867\NimBLE-Arduino\nimble\nimble\controller\src\ble_ll_supp_cmd.c.o
Compiling .pio\build\elecrow_rotary_21\lib867\NimBLE-Arduino\nimble\nimble\controller\src\ble_ll_sync.c.o
Compiling .pio\build\elecrow_rotary_21\lib867\NimBLE-Arduino\nimble\nimble\controller\src\ble_ll_trace.c.o
Compiling .pio\build\elecrow_rotary_21\lib867\NimBLE-Arduino\nimble\nimble\controller\src\ble_ll_utils.c.o
Compiling .pio\build\elecrow_rotary_21\lib867\NimBLE-Arduino\nimble\nimble\controller\src\ble_ll_whitelist.c.o
Compiling .pio\build\elecrow_rotary_21\lib867\NimBLE-Arduino\nimble\nimble\drivers\nrf51\src\ble_hw.c.o
Compiling .pio\build\elecrow_rotary_21\lib867\NimBLE-Arduino\nimble\nimble\drivers\nrf51\src\ble_phy.c.o
Compiling .pio\build\elecrow_rotary_21\lib867\NimBLE-Arduino\nimble\nimble\drivers\nrf52\src\ble_hw.c.o
Compiling .pio\build\elecrow_rotary_21\lib867\NimBLE-Arduino\nimble\nimble\drivers\nrf52\src\ble_phy.c.o
Compiling .pio\build\elecrow_rotary_21\lib867\NimBLE-Arduino\nimble\nimble\drivers\nrf52\src\ble_phy_trace.c.o
Compiling .pio\build\elecrow_rotary_21\lib867\NimBLE-Arduino\nimble\nimble\host\mesh\src\access.c.o
Compiling .pio\build\elecrow_rotary_21\lib867\NimBLE-Arduino\nimble\nimble\host\mesh\src\adv.c.o
Compiling .pio\build\elecrow_rotary_21\lib867\NimBLE-Arduino\nimble\nimble\host\mesh\src\aes-ccm.c.o
Compiling .pio\build\elecrow_rotary_21\lib867\NimBLE-Arduino\nimble\nimble\host\mesh\src\app_keys.c.o
Compiling .pio\build\elecrow_rotary_21\lib867\NimBLE-Arduino\nimble\nimble\host\mesh\src\beacon.c.o
Compiling .pio\build\elecrow_rotary_21\lib867\NimBLE-Arduino\nimble\nimble\host\mesh\src\cdb.c.o
Compiling .pio\build\elecrow_rotary_21\lib867\NimBLE-Arduino\nimble\nimble\host\mesh\src\cfg.c.o
Compiling .pio\build\elecrow_rotary_21\lib867\NimBLE-Arduino\nimble\nimble\host\mesh\src\cfg_cli.c.o
Compiling .pio\build\elecrow_rotary_21\lib867\NimBLE-Arduino\nimble\nimble\host\mesh\src\cfg_srv.c.o
Compiling .pio\build\elecrow_rotary_21\lib867\NimBLE-Arduino\nimble\nimble\host\mesh\src\crypto.c.o
Compiling .pio\build\elecrow_rotary_21\lib867\NimBLE-Arduino\nimble\nimble\host\mesh\src\friend.c.o
Compiling .pio\build\elecrow_rotary_21\lib867\NimBLE-Arduino\nimble\nimble\host\mesh\src\glue.c.o
Compiling .pio\build\elecrow_rotary_21\lib867\NimBLE-Arduino\nimble\nimble\host\mesh\src\health_cli.c.o
Compiling .pio\build\elecrow_rotary_21\lib867\NimBLE-Arduino\nimble\nimble\host\mesh\src\health_srv.c.o
Compiling .pio\build\elecrow_rotary_21\lib867\NimBLE-Arduino\nimble\nimble\host\mesh\src\heartbeat.c.o
Compiling .pio\build\elecrow_rotary_21\lib867\NimBLE-Arduino\nimble\nimble\host\mesh\src\light_model.c.o
Compiling .pio\build\elecrow_rotary_21\lib867\NimBLE-Arduino\nimble\nimble\host\mesh\src\lpn.c.o
Compiling .pio\build\elecrow_rotary_21\lib867\NimBLE-Arduino\nimble\nimble\host\mesh\src\mesh.c.o
Compiling .pio\build\elecrow_rotary_21\lib867\NimBLE-Arduino\nimble\nimble\host\mesh\src\model_cli.c.o
Compiling .pio\build\elecrow_rotary_21\lib867\NimBLE-Arduino\nimble\nimble\host\mesh\src\model_srv.c.o
Compiling .pio\build\elecrow_rotary_21\lib867\NimBLE-Arduino\nimble\nimble\host\mesh\src\net.c.o
Compiling .pio\build\elecrow_rotary_21\lib867\NimBLE-Arduino\nimble\nimble\host\mesh\src\nodes.c.o
Compiling .pio\build\elecrow_rotary_21\lib867\NimBLE-Arduino\nimble\nimble\host\mesh\src\pb_adv.c.o
Compiling .pio\build\elecrow_rotary_21\lib867\NimBLE-Arduino\nimble\nimble\host\mesh\src\pb_gatt.c.o
Compiling .pio\build\elecrow_rotary_21\lib867\NimBLE-Arduino\nimble\nimble\host\mesh\src\prov.c.o
Compiling .pio\build\elecrow_rotary_21\lib867\NimBLE-Arduino\nimble\nimble\host\mesh\src\prov_device.c.o
Compiling .pio\build\elecrow_rotary_21\lib867\NimBLE-Arduino\nimble\nimble\host\mesh\src\provisioner.c.o
Compiling .pio\build\elecrow_rotary_21\lib867\NimBLE-Arduino\nimble\nimble\host\mesh\src\proxy.c.o
Compiling .pio\build\elecrow_rotary_21\lib867\NimBLE-Arduino\nimble\nimble\host\mesh\src\rpl.c.o
Compiling .pio\build\elecrow_rotary_21\lib867\NimBLE-Arduino\nimble\nimble\host\mesh\src\settings.c.o
Compiling .pio\build\elecrow_rotary_21\lib867\NimBLE-Arduino\nimble\nimble\host\mesh\src\shell.c.o
Compiling .pio\build\elecrow_rotary_21\lib867\NimBLE-Arduino\nimble\nimble\host\mesh\src\subnet.c.o
Compiling .pio\build\elecrow_rotary_21\lib867\NimBLE-Arduino\nimble\nimble\host\mesh\src\transport.c.o
Compiling .pio\build\elecrow_rotary_21\lib867\NimBLE-Arduino\nimble\nimble\host\services\ans\src\ble_svc_ans.c.o
Compiling .pio\build\elecrow_rotary_21\lib867\NimBLE-Arduino\nimble\nimble\host\services\bas\src\ble_svc_bas.c.o
Compiling .pio\build\elecrow_rotary_21\lib867\NimBLE-Arduino\nimble\nimble\host\services\dis\src\ble_svc_dis.c.o
Compiling .pio\build\elecrow_rotary_21\lib867\NimBLE-Arduino\nimble\nimble\host\services\gap\src\ble_svc_gap.c.o
Compiling .pio\build\elecrow_rotary_21\lib867\NimBLE-Arduino\nimble\nimble\host\services\gatt\src\ble_svc_gatt.c.o
Compiling .pio\build\elecrow_rotary_21\lib867\NimBLE-Arduino\nimble\nimble\host\services\ias\src\ble_svc_ias.c.o
Compiling .pio\build\elecrow_rotary_21\lib867\NimBLE-Arduino\nimble\nimble\host\services\ipss\src\ble_svc_ipss.c.o
Compiling .pio\build\elecrow_rotary_21\lib867\NimBLE-Arduino\nimble\nimble\host\services\lls\src\ble_svc_lls.c.o
Compiling .pio\build\elecrow_rotary_21\lib867\NimBLE-Arduino\nimble\nimble\host\src\ble_att.c.o
Compiling .pio\build\elecrow_rotary_21\lib867\NimBLE-Arduino\nimble\nimble\host\src\ble_att_clt.c.o
Compiling .pio\build\elecrow_rotary_21\lib867\NimBLE-Arduino\nimble\nimble\host\src\ble_att_cmd.c.o
Compiling .pio\build\elecrow_rotary_21\lib867\NimBLE-Arduino\nimble\nimble\host\src\ble_att_svr.c.o
Compiling .pio\build\elecrow_rotary_21\lib867\NimBLE-Arduino\nimble\nimble\host\src\ble_eddystone.c.o
Compiling .pio\build\elecrow_rotary_21\lib867\NimBLE-Arduino\nimble\nimble\host\src\ble_gap.c.o
Compiling .pio\build\elecrow_rotary_21\lib867\NimBLE-Arduino\nimble\nimble\host\src\ble_gattc.c.o
Compiling .pio\build\elecrow_rotary_21\lib867\NimBLE-Arduino\nimble\nimble\host\src\ble_gatts.c.o
Compiling .pio\build\elecrow_rotary_21\lib867\NimBLE-Arduino\nimble\nimble\host\src\ble_gatts_lcl.c.o
Compiling .pio\build\elecrow_rotary_21\lib867\NimBLE-Arduino\nimble\nimble\host\src\ble_hs.c.o
Compiling .pio\build\elecrow_rotary_21\lib867\NimBLE-Arduino\nimble\nimble\host\src\ble_hs_adv.c.o
Compiling .pio\build\elecrow_rotary_21\lib867\NimBLE-Arduino\nimble\nimble\host\src\ble_hs_atomic.c.o
Compiling .pio\build\elecrow_rotary_21\lib867\NimBLE-Arduino\nimble\nimble\host\src\ble_hs_cfg.c.o
Compiling .pio\build\elecrow_rotary_21\lib867\NimBLE-Arduino\nimble\nimble\host\src\ble_hs_conn.c.o
Compiling .pio\build\elecrow_rotary_21\lib867\NimBLE-Arduino\nimble\nimble\host\src\ble_hs_flow.c.o
Compiling .pio\build\elecrow_rotary_21\lib867\NimBLE-Arduino\nimble\nimble\host\src\ble_hs_hci.c.o
Compiling .pio\build\elecrow_rotary_21\lib867\NimBLE-Arduino\nimble\nimble\host\src\ble_hs_hci_cmd.c.o
Compiling .pio\build\elecrow_rotary_21\lib867\NimBLE-Arduino\nimble\nimble\host\src\ble_hs_hci_evt.c.o
Compiling .pio\build\elecrow_rotary_21\lib867\NimBLE-Arduino\nimble\nimble\host\src\ble_hs_hci_util.c.o
Compiling .pio\build\elecrow_rotary_21\lib867\NimBLE-Arduino\nimble\nimble\host\src\ble_hs_id.c.o
Compiling .pio\build\elecrow_rotary_21\lib867\NimBLE-Arduino\nimble\nimble\host\src\ble_hs_log.c.o
Compiling .pio\build\elecrow_rotary_21\lib867\NimBLE-Arduino\nimble\nimble\host\src\ble_hs_mbuf.c.o
Compiling .pio\build\elecrow_rotary_21\lib867\NimBLE-Arduino\nimble\nimble\host\src\ble_hs_misc.c.o
Compiling .pio\build\elecrow_rotary_21\lib867\NimBLE-Arduino\nimble\nimble\host\src\ble_hs_mqueue.c.o
Compiling .pio\build\elecrow_rotary_21\lib867\NimBLE-Arduino\nimble\nimble\host\src\ble_hs_periodic_sync.c.o
Compiling .pio\build\elecrow_rotary_21\lib867\NimBLE-Arduino\nimble\nimble\host\src\ble_hs_pvcy.c.o
Compiling .pio\build\elecrow_rotary_21\lib867\NimBLE-Arduino\nimble\nimble\host\src\ble_hs_resolv.c.o
Compiling .pio\build\elecrow_rotary_21\lib867\NimBLE-Arduino\nimble\nimble\host\src\ble_hs_shutdown.c.o
Compiling .pio\build\elecrow_rotary_21\lib867\NimBLE-Arduino\nimble\nimble\host\src\ble_hs_startup.c.o
Compiling .pio\build\elecrow_rotary_21\lib867\NimBLE-Arduino\nimble\nimble\host\src\ble_hs_stop.c.o
Compiling .pio\build\elecrow_rotary_21\lib867\NimBLE-Arduino\nimble\nimble\host\src\ble_ibeacon.c.o
Compiling .pio\build\elecrow_rotary_21\lib867\NimBLE-Arduino\nimble\nimble\host\src\ble_l2cap.c.o
Compiling .pio\build\elecrow_rotary_21\lib867\NimBLE-Arduino\nimble\nimble\host\src\ble_l2cap_coc.c.o
Compiling .pio\build\elecrow_rotary_21\lib867\NimBLE-Arduino\nimble\nimble\host\src\ble_l2cap_sig.c.o
Compiling .pio\build\elecrow_rotary_21\lib867\NimBLE-Arduino\nimble\nimble\host\src\ble_l2cap_sig_cmd.c.o
Compiling .pio\build\elecrow_rotary_21\lib867\NimBLE-Arduino\nimble\nimble\host\src\ble_monitor.c.o
Compiling .pio\build\elecrow_rotary_21\lib867\NimBLE-Arduino\nimble\nimble\host\src\ble_sm.c.o
Compiling .pio\build\elecrow_rotary_21\lib867\NimBLE-Arduino\nimble\nimble\host\src\ble_sm_alg.c.o
Compiling .pio\build\elecrow_rotary_21\lib867\NimBLE-Arduino\nimble\nimble\host\src\ble_sm_cmd.c.o
Compiling .pio\build\elecrow_rotary_21\lib867\NimBLE-Arduino\nimble\nimble\host\src\ble_sm_lgcy.c.o
Compiling .pio\build\elecrow_rotary_21\lib867\NimBLE-Arduino\nimble\nimble\host\src\ble_sm_sc.c.o
Compiling .pio\build\elecrow_rotary_21\lib867\NimBLE-Arduino\nimble\nimble\host\src\ble_store.c.o
Compiling .pio\build\elecrow_rotary_21\lib867\NimBLE-Arduino\nimble\nimble\host\src\ble_store_util.c.o
Compiling .pio\build\elecrow_rotary_21\lib867\NimBLE-Arduino\nimble\nimble\host\src\ble_uuid.c.o
Compiling .pio\build\elecrow_rotary_21\lib867\NimBLE-Arduino\nimble\nimble\host\store\config\src\ble_store_config.c.o
Compiling .pio\build\elecrow_rotary_21\lib867\NimBLE-Arduino\nimble\nimble\host\store\config\src\ble_store_config_conf.c.o
Compiling .pio\build\elecrow_rotary_21\lib867\NimBLE-Arduino\nimble\nimble\host\store\config\src\ble_store_nvs.c.o
Compiling .pio\build\elecrow_rotary_21\lib867\NimBLE-Arduino\nimble\nimble\host\util\src\addr.c.o
Compiling .pio\build\elecrow_rotary_21\lib867\NimBLE-Arduino\nimble\nimble\transport\ram\src\ble_hci_ram.c.o
Compiling .pio\build\elecrow_rotary_21\lib867\NimBLE-Arduino\nimble\porting\nimble\src\endian.c.o
Compiling .pio\build\elecrow_rotary_21\lib867\NimBLE-Arduino\nimble\porting\nimble\src\hal_timer.c.o
Compiling .pio\build\elecrow_rotary_21\lib867\NimBLE-Arduino\nimble\porting\nimble\src\hal_uart.c.o
Compiling .pio\build\elecrow_rotary_21\lib867\NimBLE-Arduino\nimble\porting\nimble\src\mem.c.o
Compiling .pio\build\elecrow_rotary_21\lib867\NimBLE-Arduino\nimble\porting\nimble\src\nimble_port.c.o
Compiling .pio\build\elecrow_rotary_21\lib867\NimBLE-Arduino\nimble\porting\nimble\src\os_cputime.c.o
Compiling .pio\build\elecrow_rotary_21\lib867\NimBLE-Arduino\nimble\porting\nimble\src\os_cputime_pwr2.c.o
Compiling .pio\build\elecrow_rotary_21\lib867\NimBLE-Arduino\nimble\porting\nimble\src\os_mbuf.c.o
Compiling .pio\build\elecrow_rotary_21\lib867\NimBLE-Arduino\nimble\porting\nimble\src\os_mempool.c.o
Compiling .pio\build\elecrow_rotary_21\lib867\NimBLE-Arduino\nimble\porting\nimble\src\os_msys_init.c.o
Compiling .pio\build\elecrow_rotary_21\lib867\NimBLE-Arduino\nimble\porting\npl\freertos\src\nimble_port_freertos.c.o
Compiling .pio\build\elecrow_rotary_21\lib867\NimBLE-Arduino\nimble\porting\npl\freertos\src\npl_os_freertos.c.o
Compiling .pio\build\elecrow_rotary_21\libfc5\Update\HttpsOTAUpdate.cpp.o
Compiling .pio\build\elecrow_rotary_21\libfc5\Update\Updater.cpp.o
Compiling .pio\build\elecrow_rotary_21\lib4d4\ble_ota_dfu\ble_ota_dfu.cpp.o
Archiving .pio\build\elecrow_rotary_21\lib867\libNimBLE-Arduino.a
Compiling .pio\build\elecrow_rotary_21\lib4d4\ble_ota_dfu\freertos_utils.cpp.o
Compiling .pio\build\elecrow_rotary_21\lib855\AsyncTCP\AsyncTCP.cpp.o
Compiling .pio\build\elecrow_rotary_21\lib827\WiFi\WiFi.cpp.o
Compiling .pio\build\elecrow_rotary_21\lib827\WiFi\WiFiAP.cpp.o
Compiling .pio\build\elecrow_rotary_21\lib827\WiFi\WiFiClient.cpp.o
Compiling .pio\build\elecrow_rotary_21\lib827\WiFi\WiFiGeneric.cpp.o
Compiling .pio\build\elecrow_rotary_21\lib827\WiFi\WiFiMulti.cpp.o
Compiling .pio\build\elecrow_rotary_21\lib827\WiFi\WiFiSTA.cpp.o
Compiling .pio\build\elecrow_rotary_21\lib827\WiFi\WiFiScan.cpp.o
Compiling .pio\build\elecrow_rotary_21\lib827\WiFi\WiFiServer.cpp.o
Archiving .pio\build\elecrow_rotary_21\libfc5\libUpdate.a
Compiling .pio\build\elecrow_rotary_21\lib827\WiFi\WiFiUdp.cpp.o
Compiling .pio\build\elecrow_rotary_21\lib33a\WebServer\Parsing.cpp.o
Archiving .pio\build\elecrow_rotary_21\lib4d4\libble_ota_dfu.a
Compiling .pio\build\elecrow_rotary_21\lib33a\WebServer\WebServer.cpp.o
Archiving .pio\build\elecrow_rotary_21\lib855\libAsyncTCP.a
Compiling .pio\build\elecrow_rotary_21\lib33a\WebServer\detail\mimetable.cpp.o
Compiling .pio\build\elecrow_rotary_21\lib49e\ESPAsyncWebServer\AsyncEventSource.cpp.o
Compiling .pio\build\elecrow_rotary_21\lib49e\ESPAsyncWebServer\AsyncJson.cpp.o
Compiling .pio\build\elecrow_rotary_21\lib49e\ESPAsyncWebServer\AsyncWebHeader.cpp.o
Compiling .pio\build\elecrow_rotary_21\lib49e\ESPAsyncWebServer\AsyncWebServerRequest.cpp.o
Compiling .pio\build\elecrow_rotary_21\lib49e\ESPAsyncWebServer\AsyncWebSocket.cpp.o
Compiling .pio\build\elecrow_rotary_21\lib49e\ESPAsyncWebServer\BackPort_SHA1Builder.cpp.o
Compiling .pio\build\elecrow_rotary_21\lib49e\ESPAsyncWebServer\ChunkPrint.cpp.o
Compiling .pio\build\elecrow_rotary_21\lib49e\ESPAsyncWebServer\Middleware.cpp.o
Compiling .pio\build\elecrow_rotary_21\lib49e\ESPAsyncWebServer\WebAuthentication.cpp.o
Archiving .pio\build\elecrow_rotary_21\lib827\libWiFi.a
Compiling .pio\build\elecrow_rotary_21\lib49e\ESPAsyncWebServer\WebHandlers.cpp.o
Compiling .pio\build\elecrow_rotary_21\lib49e\ESPAsyncWebServer\WebRequest.cpp.o
Compiling .pio\build\elecrow_rotary_21\lib49e\ESPAsyncWebServer\WebResponses.cpp.o
Archiving .pio\build\elecrow_rotary_21\lib33a\libWebServer.a
Compiling .pio\build\elecrow_rotary_21\lib49e\ESPAsyncWebServer\WebServer.cpp.o
Compiling .pio\build\elecrow_rotary_21\lib2f4\MQTT\MQTTClient.cpp.o
Compiling .pio\build\elecrow_rotary_21\lib2f4\MQTT\lwmqtt\client.c.o
Compiling .pio\build\elecrow_rotary_21\lib2f4\MQTT\lwmqtt\helpers.c.o
Compiling .pio\build\elecrow_rotary_21\lib2f4\MQTT\lwmqtt\packet.c.o
Compiling .pio\build\elecrow_rotary_21\lib2f4\MQTT\lwmqtt\string.c.o
Compiling .pio\build\elecrow_rotary_21\libc6b\esp-arduino-ble-scales\remote_scales.cpp.o
Compiling .pio\build\elecrow_rotary_21\libc6b\esp-arduino-ble-scales\remote_scales_plugin_registry.cpp.o
Compiling .pio\build\elecrow_rotary_21\libc6b\esp-arduino-ble-scales\scales\acaia.cpp.o
Compiling .pio\build\elecrow_rotary_21\libc6b\esp-arduino-ble-scales\scales\bookoo.cpp.o
Compiling .pio\build\elecrow_rotary_21\libc6b\esp-arduino-ble-scales\scales\decent.cpp.o
Compiling .pio\build\elecrow_rotary_21\libc6b\esp-arduino-ble-scales\scales\difluid.cpp.o
Compiling .pio\build\elecrow_rotary_21\libc6b\esp-arduino-ble-scales\scales\eclair.cpp.o
Compiling .pio\build\elecrow_rotary_21\libc6b\esp-arduino-ble-scales\scales\eureka.cpp.o
Compiling .pio\build\elecrow_rotary_21\libc6b\esp-arduino-ble-scales\scales\felicitaScale.cpp.o
Archiving .pio\build\elecrow_rotary_21\lib2f4\libMQTT.a
Compiling .pio\build\elecrow_rotary_21\libc6b\esp-arduino-ble-scales\scales\myscale.cpp.o
Compiling .pio\build\elecrow_rotary_21\libc6b\esp-arduino-ble-scales\scales\timemore.cpp.o
Archiving .pio\build\elecrow_rotary_21\lib49e\libESPAsyncWebServer.a
Compiling .pio\build\elecrow_rotary_21\libc6b\esp-arduino-ble-scales\scales\varia.cpp.o
Compiling .pio\build\elecrow_rotary_21\libc6b\esp-arduino-ble-scales\scales\weighmybru.cpp.o
Compiling .pio\build\elecrow_rotary_21\lib60c\DNSServer\DNSServer.cpp.o
Compiling .pio\build\elecrow_rotary_21\libb7d\ESPmDNS\ESPmDNS.cpp.o
Compiling .pio\build\elecrow_rotary_21\lib292\ArduinoOTA\ArduinoOTA.cpp.o
Compiling .pio\build\elecrow_rotary_21\lib9e1\HomeSpan\HAP.cpp.o
Compiling .pio\build\elecrow_rotary_21\lib9e1\HomeSpan\HKDF.cpp.o
Compiling .pio\build\elecrow_rotary_21\lib9e1\HomeSpan\HomeSpan.cpp.o
Compiling .pio\build\elecrow_rotary_21\lib9e1\HomeSpan\Network.cpp.o
Compiling .pio\build\elecrow_rotary_21\lib9e1\HomeSpan\SRP.cpp.o
Compiling .pio\build\elecrow_rotary_21\lib9e1\HomeSpan\TLV8.cpp.o
Compiling .pio\build\elecrow_rotary_21\lib9e1\HomeSpan\Utils.cpp.o
Compiling .pio\build\elecrow_rotary_21\lib9e1\HomeSpan\src\extras\Blinker.cpp.o
Archiving .pio\build\elecrow_rotary_21\lib60c\libDNSServer.a
Compiling .pio\build\elecrow_rotary_21\lib9e1\HomeSpan\src\extras\Pixel.cpp.o
Archiving .pio\build\elecrow_rotary_21\libc6b\libesp-arduino-ble-scales.a
Compiling .pio\build\elecrow_rotary_21\lib9e1\HomeSpan\src\extras\PwmPin.cpp.o
Archiving .pio\build\elecrow_rotary_21\libb7d\libESPmDNS.a
Compiling .pio\build\elecrow_rotary_21\lib9e1\HomeSpan\src\extras\RFControl.cpp.o
Archiving .pio\build\elecrow_rotary_21\lib292\libArduinoOTA.a
Compiling .pio\build\elecrow_rotary_21\lib9e1\HomeSpan\src\extras\StepperControl.cpp.o
Compiling .pio\build\elecrow_rotary_21\lib9f2\Adafruit BusIO\Adafruit_BusIO_Register.cpp.o
Compiling .pio\build\elecrow_rotary_21\lib9f2\Adafruit BusIO\Adafruit_GenericDevice.cpp.o
Compiling .pio\build\elecrow_rotary_21\lib9f2\Adafruit BusIO\Adafruit_I2CDevice.cpp.o
Compiling .pio\build\elecrow_rotary_21\lib9f2\Adafruit BusIO\Adafruit_SPIDevice.cpp.o
Compiling .pio\build\elecrow_rotary_21\lib3a1\Adafruit PCF8574\Adafruit_PCF8574.cpp.o
Compiling .pio\build\elecrow_rotary_21\lib3a1\Adafruit PCF8574\Adafruit_PCF8575.cpp.o
Compiling .pio\build\elecrow_rotary_21\lib145\GFX Library for Arduino\Arduino_DataBus.cpp.o
Compiling .pio\build\elecrow_rotary_21\lib145\GFX Library for Arduino\Arduino_G.cpp.o
Compiling .pio\build\elecrow_rotary_21\lib145\GFX Library for Arduino\Arduino_GFX.cpp.o
Compiling .pio\build\elecrow_rotary_21\lib145\GFX Library for Arduino\Arduino_GFX_Library.cpp.o
Compiling .pio\build\elecrow_rotary_21\lib145\GFX Library for Arduino\Arduino_TFT.cpp.o
Compiling .pio\build\elecrow_rotary_21\lib145\GFX Library for Arduino\Arduino_TFT_18bit.cpp.o
Compiling .pio\build\elecrow_rotary_21\lib145\GFX Library for Arduino\canvas\Arduino_Canvas.cpp.o
Compiling .pio\build\elecrow_rotary_21\lib145\GFX Library for Arduino\canvas\Arduino_Canvas_3bit.cpp.o
Archiving .pio\build\elecrow_rotary_21\lib9e1\libHomeSpan.a
Compiling .pio\build\elecrow_rotary_21\lib145\GFX Library for Arduino\canvas\Arduino_Canvas_Indexed.cpp.o
Archiving .pio\build\elecrow_rotary_21\lib9f2\libAdafruit BusIO.a
Compiling .pio\build\elecrow_rotary_21\lib145\GFX Library for Arduino\canvas\Arduino_Canvas_Mono.cpp.o
Compiling .pio\build\elecrow_rotary_21\lib145\GFX Library for Arduino\databus\Arduino_AVRPAR16.cpp.o
Archiving .pio\build\elecrow_rotary_21\lib3a1\libAdafruit PCF8574.a
Compiling .pio\build\elecrow_rotary_21\lib145\GFX Library for Arduino\databus\Arduino_AVRPAR8.cpp.o
Compiling .pio\build\elecrow_rotary_21\lib145\GFX Library for Arduino\databus\Arduino_DUEPAR16.cpp.o
Compiling .pio\build\elecrow_rotary_21\lib145\GFX Library for Arduino\databus\Arduino_ESP32LCD16.cpp.o
Compiling .pio\build\elecrow_rotary_21\lib145\GFX Library for Arduino\databus\Arduino_ESP32LCD8.cpp.o
Compiling .pio\build\elecrow_rotary_21\lib145\GFX Library for Arduino\databus\Arduino_ESP32PAR16.cpp.o
Compiling .pio\build\elecrow_rotary_21\lib145\GFX Library for Arduino\databus\Arduino_ESP32PAR16Q.cpp.o
Compiling .pio\build\elecrow_rotary_21\lib145\GFX Library for Arduino\databus\Arduino_ESP32PAR16QQ.cpp.o
Compiling .pio\build\elecrow_rotary_21\lib145\GFX Library for Arduino\databus\Arduino_ESP32PAR8.cpp.o
Compiling .pio\build\elecrow_rotary_21\lib145\GFX Library for Arduino\databus\Arduino_ESP32PAR8Q.cpp.o
Compiling .pio\build\elecrow_rotary_21\lib145\GFX Library for Arduino\databus\Arduino_ESP32PAR8QQ.cpp.o
Compiling .pio\build\elecrow_rotary_21\lib145\GFX Library for Arduino\databus\Arduino_ESP32PAR8QQQ.cpp.o
Compiling .pio\build\elecrow_rotary_21\lib145\GFX Library for Arduino\databus\Arduino_ESP32QSPI.cpp.o
Compiling .pio\build\elecrow_rotary_21\lib145\GFX Library for Arduino\databus\Arduino_ESP32RGBPanel.cpp.o
Compiling .pio\build\elecrow_rotary_21\lib145\GFX Library for Arduino\databus\Arduino_ESP32S2PAR16.cpp.o
Compiling .pio\build\elecrow_rotary_21\lib145\GFX Library for Arduino\databus\Arduino_ESP32S2PAR16Q.cpp.o
Compiling .pio\build\elecrow_rotary_21\lib145\GFX Library for Arduino\databus\Arduino_ESP32S2PAR8.cpp.o
Compiling .pio\build\elecrow_rotary_21\lib145\GFX Library for Arduino\databus\Arduino_ESP32S2PAR8Q.cpp.o
Compiling .pio\build\elecrow_rotary_21\lib145\GFX Library for Arduino\databus\Arduino_ESP32SPI.cpp.o
Compiling .pio\build\elecrow_rotary_21\lib145\GFX Library for Arduino\databus\Arduino_ESP32SPIDMA.cpp.o
Compiling .pio\build\elecrow_rotary_21\lib145\GFX Library for Arduino\databus\Arduino_ESP8266SPI.cpp.o
Compiling .pio\build\elecrow_rotary_21\lib145\GFX Library for Arduino\databus\Arduino_HWSPI.cpp.o
Compiling .pio\build\elecrow_rotary_21\lib145\GFX Library for Arduino\databus\Arduino_NRFXSPI.cpp.o
Compiling .pio\build\elecrow_rotary_21\lib145\GFX Library for Arduino\databus\Arduino_RPiPicoPAR16.cpp.o
Compiling .pio\build\elecrow_rotary_21\lib145\GFX Library for Arduino\databus\Arduino_RPiPicoPAR8.cpp.o
Compiling .pio\build\elecrow_rotary_21\lib145\GFX Library for Arduino\databus\Arduino_RPiPicoSPI.cpp.o
Compiling .pio\build\elecrow_rotary_21\lib145\GFX Library for Arduino\databus\Arduino_RTLPAR8.cpp.o
Compiling .pio\build\elecrow_rotary_21\lib145\GFX Library for Arduino\databus\Arduino_STM32PAR8.cpp.o
Compiling .pio\build\elecrow_rotary_21\lib145\GFX Library for Arduino\databus\Arduino_SWPAR16.cpp.o
Compiling .pio\build\elecrow_rotary_21\lib145\GFX Library for Arduino\databus\Arduino_SWPAR8.cpp.o
Compiling .pio\build\elecrow_rotary_21\lib145\GFX Library for Arduino\databus\Arduino_SWSPI.cpp.o
Compiling .pio\build\elecrow_rotary_21\lib145\GFX Library for Arduino\databus\Arduino_UNOPAR8.cpp.o
Compiling .pio\build\elecrow_rotary_21\lib145\GFX Library for Arduino\databus\Arduino_Wire.cpp.o
Compiling .pio\build\elecrow_rotary_21\lib145\GFX Library for Arduino\databus\Arduino_XCA9554SWSPI.cpp.o
Compiling .pio\build\elecrow_rotary_21\lib145\GFX Library for Arduino\databus\Arduino_XL9535SWSPI.cpp.o
Compiling .pio\build\elecrow_rotary_21\lib145\GFX Library for Arduino\databus\Arduino_mbedSPI.cpp.o
Compiling .pio\build\elecrow_rotary_21\lib145\GFX Library for Arduino\display\Arduino_GC9106.cpp.o
Compiling .pio\build\elecrow_rotary_21\lib145\GFX Library for Arduino\display\Arduino_GC9107.cpp.o
Compiling .pio\build\elecrow_rotary_21\lib145\GFX Library for Arduino\display\Arduino_GC9A01.cpp.o
Compiling .pio\build\elecrow_rotary_21\lib145\GFX Library for Arduino\display\Arduino_HX8347C.cpp.o
Compiling .pio\build\elecrow_rotary_21\lib145\GFX Library for Arduino\display\Arduino_HX8347D.cpp.o
Compiling .pio\build\elecrow_rotary_21\lib145\GFX Library for Arduino\display\Arduino_HX8352C.cpp.o
Compiling .pio\build\elecrow_rotary_21\lib145\GFX Library for Arduino\display\Arduino_HX8357A.cpp.o
Compiling .pio\build\elecrow_rotary_21\lib145\GFX Library for Arduino\display\Arduino_HX8357B.cpp.o
Compiling .pio\build\elecrow_rotary_21\lib145\GFX Library for Arduino\display\Arduino_HX8369A.cpp.o
Compiling .pio\build\elecrow_rotary_21\lib145\GFX Library for Arduino\display\Arduino_ILI9225.cpp.o
Compiling .pio\build\elecrow_rotary_21\lib145\GFX Library for Arduino\display\Arduino_ILI9331.cpp.o
Compiling .pio\build\elecrow_rotary_21\lib145\GFX Library for Arduino\display\Arduino_ILI9341.cpp.o
Compiling .pio\build\elecrow_rotary_21\lib145\GFX Library for Arduino\display\Arduino_ILI9342.cpp.o
Compiling .pio\build\elecrow_rotary_21\lib145\GFX Library for Arduino\display\Arduino_ILI9481_18bit.cpp.o
Compiling .pio\build\elecrow_rotary_21\lib145\GFX Library for Arduino\display\Arduino_ILI9486.cpp.o
Compiling .pio\build\elecrow_rotary_21\lib145\GFX Library for Arduino\display\Arduino_ILI9486_18bit.cpp.o
Compiling .pio\build\elecrow_rotary_21\lib145\GFX Library for Arduino\display\Arduino_ILI9488.cpp.o
Compiling .pio\build\elecrow_rotary_21\lib145\GFX Library for Arduino\display\Arduino_ILI9488_18bit.cpp.o
Compiling .pio\build\elecrow_rotary_21\lib145\GFX Library for Arduino\display\Arduino_ILI9488_3bit.cpp.o
Compiling .pio\build\elecrow_rotary_21\lib145\GFX Library for Arduino\display\Arduino_ILI9806.cpp.o
Compiling .pio\build\elecrow_rotary_21\lib145\GFX Library for Arduino\display\Arduino_JBT6K71.cpp.o
Compiling .pio\build\elecrow_rotary_21\lib145\GFX Library for Arduino\display\Arduino_JD9613.cpp.o
Compiling .pio\build\elecrow_rotary_21\lib145\GFX Library for Arduino\display\Arduino_NT35310.cpp.o
Compiling .pio\build\elecrow_rotary_21\lib145\GFX Library for Arduino\display\Arduino_NT35510.cpp.o
Compiling .pio\build\elecrow_rotary_21\lib145\GFX Library for Arduino\display\Arduino_NT39125.cpp.o
Compiling .pio\build\elecrow_rotary_21\lib145\GFX Library for Arduino\display\Arduino_NV3041A.cpp.o
Compiling .pio\build\elecrow_rotary_21\lib145\GFX Library for Arduino\display\Arduino_OTM8009A.cpp.o
Compiling .pio\build\elecrow_rotary_21\lib145\GFX Library for Arduino\display\Arduino_R61529.cpp.o
Compiling .pio\build\elecrow_rotary_21\lib145\GFX Library for Arduino\display\Arduino_RGB_Display.cpp.o
Compiling .pio\build\elecrow_rotary_21\lib145\GFX Library for Arduino\display\Arduino_RM67162.cpp.o
Compiling .pio\build\elecrow_rotary_21\lib145\GFX Library for Arduino\display\Arduino_SEPS525.cpp.o
Compiling .pio\build\elecrow_rotary_21\lib145\GFX Library for Arduino\display\Arduino_SH1106.cpp.o
Compiling .pio\build\elecrow_rotary_21\lib145\GFX Library for Arduino\display\Arduino_SSD1283A.cpp.o
Compiling .pio\build\elecrow_rotary_21\lib145\GFX Library for Arduino\display\Arduino_SSD1331.cpp.o
Compiling .pio\build\elecrow_rotary_21\lib145\GFX Library for Arduino\display\Arduino_SSD1351.cpp.o
Compiling .pio\build\elecrow_rotary_21\lib145\GFX Library for Arduino\display\Arduino_ST7735.cpp.o
Compiling .pio\build\elecrow_rotary_21\lib145\GFX Library for Arduino\display\Arduino_ST7789.cpp.o
Compiling .pio\build\elecrow_rotary_21\lib145\GFX Library for Arduino\display\Arduino_ST7796.cpp.o
Compiling .pio\build\elecrow_rotary_21\lib145\GFX Library for Arduino\display\Arduino_WEA2012.cpp.o
Compiling .pio\build\elecrow_rotary_21\lib90a\lvgl\core\lv_disp.c.o
Compiling .pio\build\elecrow_rotary_21\lib90a\lvgl\core\lv_event.c.o
Compiling .pio\build\elecrow_rotary_21\lib90a\lvgl\core\lv_group.c.o
Compiling .pio\build\elecrow_rotary_21\lib90a\lvgl\core\lv_indev.c.o
Compiling .pio\build\elecrow_rotary_21\lib90a\lvgl\core\lv_indev_scroll.c.o
Compiling .pio\build\elecrow_rotary_21\lib90a\lvgl\core\lv_obj.c.o
Compiling .pio\build\elecrow_rotary_21\lib90a\lvgl\core\lv_obj_class.c.o
Compiling .pio\build\elecrow_rotary_21\lib90a\lvgl\core\lv_obj_draw.c.o
Compiling .pio\build\elecrow_rotary_21\lib90a\lvgl\core\lv_obj_pos.c.o
Compiling .pio\build\elecrow_rotary_21\lib90a\lvgl\core\lv_obj_scroll.c.o
Compiling .pio\build\elecrow_rotary_21\lib90a\lvgl\core\lv_obj_style.c.o
Compiling .pio\build\elecrow_rotary_21\lib90a\lvgl\core\lv_obj_style_gen.c.o
Compiling .pio\build\elecrow_rotary_21\lib90a\lvgl\core\lv_obj_tree.c.o
Compiling .pio\build\elecrow_rotary_21\lib90a\lvgl\core\lv_refr.c.o
Compiling .pio\build\elecrow_rotary_21\lib90a\lvgl\core\lv_theme.c.o
Compiling .pio\build\elecrow_rotary_21\lib90a\lvgl\draw\arm2d\lv_gpu_arm2d.c.o
Compiling .pio\build\elecrow_rotary_21\lib90a\lvgl\draw\lv_draw.c.o
Compiling .pio\build\elecrow_rotary_21\lib90a\lvgl\draw\lv_draw_arc.c.o
Compiling .pio\build\elecrow_rotary_21\lib90a\lvgl\draw\lv_draw_img.c.o
Compiling .pio\build\elecrow_rotary_21\lib90a\lvgl\draw\lv_draw_label.c.o
Compiling .pio\build\elecrow_rotary_21\lib90a\lvgl\draw\lv_draw_layer.c.o
Compiling .pio\build\elecrow_rotary_21\lib90a\lvgl\draw\lv_draw_line.c.o
Compiling .pio\build\elecrow_rotary_21\lib90a\lvgl\draw\lv_draw_mask.c.o
Compiling .pio\build\elecrow_rotary_21\lib90a\lvgl\draw\lv_draw_rect.c.o
Archiving .pio\build\elecrow_rotary_21\lib145\libGFX Library for Arduino.a
Compiling .pio\build\elecrow_rotary_21\lib90a\lvgl\draw\lv_draw_transform.c.o
Compiling .pio\build\elecrow_rotary_21\lib90a\lvgl\draw\lv_draw_triangle.c.o
Compiling .pio\build\elecrow_rotary_21\lib90a\lvgl\draw\lv_img_buf.c.o
Compiling .pio\build\elecrow_rotary_21\lib90a\lvgl\draw\lv_img_cache.c.o
Compiling .pio\build\elecrow_rotary_21\lib90a\lvgl\draw\lv_img_decoder.c.o
Compiling .pio\build\elecrow_rotary_21\lib90a\lvgl\draw\nxp\pxp\lv_draw_pxp.c.o
Compiling .pio\build\elecrow_rotary_21\lib90a\lvgl\draw\nxp\pxp\lv_draw_pxp_blend.c.o
Compiling .pio\build\elecrow_rotary_21\lib90a\lvgl\draw\nxp\pxp\lv_gpu_nxp_pxp.c.o
Compiling .pio\build\elecrow_rotary_21\lib90a\lvgl\draw\nxp\pxp\lv_gpu_nxp_pxp_osa.c.o
Compiling .pio\build\elecrow_rotary_21\lib90a\lvgl\draw\nxp\vglite\lv_draw_vglite.c.o
Compiling .pio\build\elecrow_rotary_21\lib90a\lvgl\draw\nxp\vglite\lv_draw_vglite_arc.c.o
Compiling .pio\build\elecrow_rotary_21\lib90a\lvgl\draw\nxp\vglite\lv_draw_vglite_blend.c.o
Compiling .pio\build\elecrow_rotary_21\lib90a\lvgl\draw\nxp\vglite\lv_draw_vglite_line.c.o
Compiling .pio\build\elecrow_rotary_21\lib90a\lvgl\draw\nxp\vglite\lv_draw_vglite_rect.c.o
Compiling .pio\build\elecrow_rotary_21\lib90a\lvgl\draw\nxp\vglite\lv_vglite_buf.c.o
Compiling .pio\build\elecrow_rotary_21\lib90a\lvgl\draw\nxp\vglite\lv_vglite_utils.c.o
Compiling .pio\build\elecrow_rotary_21\lib90a\lvgl\draw\renesas\lv_gpu_d2_draw_label.c.o
Compiling .pio\build\elecrow_rotary_21\lib90a\lvgl\draw\renesas\lv_gpu_d2_ra6m3.c.o
Compiling .pio\build\elecrow_rotary_21\lib90a\lvgl\draw\sdl\lv_draw_sdl.c.o
Compiling .pio\build\elecrow_rotary_21\lib90a\lvgl\draw\sdl\lv_draw_sdl_arc.c.o
Compiling .pio\build\elecrow_rotary_21\lib90a\lvgl\draw\sdl\lv_draw_sdl_bg.c.o
Compiling .pio\build\elecrow_rotary_21\lib90a\lvgl\draw\sdl\lv_draw_sdl_composite.c.o
Compiling .pio\build\elecrow_rotary_21\lib90a\lvgl\draw\sdl\lv_draw_sdl_img.c.o
Compiling .pio\build\elecrow_rotary_21\lib90a\lvgl\draw\sdl\lv_draw_sdl_label.c.o
Compiling .pio\build\elecrow_rotary_21\lib90a\lvgl\draw\sdl\lv_draw_sdl_layer.c.o
Compiling .pio\build\elecrow_rotary_21\lib90a\lvgl\draw\sdl\lv_draw_sdl_line.c.o
Compiling .pio\build\elecrow_rotary_21\lib90a\lvgl\draw\sdl\lv_draw_sdl_mask.c.o
Compiling .pio\build\elecrow_rotary_21\lib90a\lvgl\draw\sdl\lv_draw_sdl_polygon.c.o
Compiling .pio\build\elecrow_rotary_21\lib90a\lvgl\draw\sdl\lv_draw_sdl_rect.c.o
Compiling .pio\build\elecrow_rotary_21\lib90a\lvgl\draw\sdl\lv_draw_sdl_stack_blur.c.o
Compiling .pio\build\elecrow_rotary_21\lib90a\lvgl\draw\sdl\lv_draw_sdl_texture_cache.c.o
Compiling .pio\build\elecrow_rotary_21\lib90a\lvgl\draw\sdl\lv_draw_sdl_utils.c.o
Compiling .pio\build\elecrow_rotary_21\lib90a\lvgl\draw\stm32_dma2d\lv_gpu_stm32_dma2d.c.o
Compiling .pio\build\elecrow_rotary_21\lib90a\lvgl\draw\sw\lv_draw_sw.c.o
Compiling .pio\build\elecrow_rotary_21\lib90a\lvgl\draw\sw\lv_draw_sw_arc.c.o
Compiling .pio\build\elecrow_rotary_21\lib90a\lvgl\draw\sw\lv_draw_sw_blend.c.o
Compiling .pio\build\elecrow_rotary_21\lib90a\lvgl\draw\sw\lv_draw_sw_dither.c.o
Compiling .pio\build\elecrow_rotary_21\lib90a\lvgl\draw\sw\lv_draw_sw_gradient.c.o
Compiling .pio\build\elecrow_rotary_21\lib90a\lvgl\draw\sw\lv_draw_sw_img.c.o
Compiling .pio\build\elecrow_rotary_21\lib90a\lvgl\draw\sw\lv_draw_sw_layer.c.o
Compiling .pio\build\elecrow_rotary_21\lib90a\lvgl\draw\sw\lv_draw_sw_letter.c.o
Compiling .pio\build\elecrow_rotary_21\lib90a\lvgl\draw\sw\lv_draw_sw_line.c.o
Compiling .pio\build\elecrow_rotary_21\lib90a\lvgl\draw\sw\lv_draw_sw_polygon.c.o
Compiling .pio\build\elecrow_rotary_21\lib90a\lvgl\draw\sw\lv_draw_sw_rect.c.o
Compiling .pio\build\elecrow_rotary_21\lib90a\lvgl\draw\sw\lv_draw_sw_transform.c.o
Compiling .pio\build\elecrow_rotary_21\lib90a\lvgl\draw\swm341_dma2d\lv_gpu_swm341_dma2d.c.o
Compiling .pio\build\elecrow_rotary_21\lib90a\lvgl\extra\layouts\flex\lv_flex.c.o
Compiling .pio\build\elecrow_rotary_21\lib90a\lvgl\extra\layouts\grid\lv_grid.c.o
Compiling .pio\build\elecrow_rotary_21\lib90a\lvgl\extra\libs\bmp\lv_bmp.c.o
Compiling .pio\build\elecrow_rotary_21\lib90a\lvgl\extra\libs\ffmpeg\lv_ffmpeg.c.o
Compiling .pio\build\elecrow_rotary_21\lib90a\lvgl\extra\libs\freetype\lv_freetype.c.o
Compiling .pio\build\elecrow_rotary_21\lib90a\lvgl\extra\libs\fsdrv\lv_fs_fatfs.c.o
Compiling .pio\build\elecrow_rotary_21\lib90a\lvgl\extra\libs\fsdrv\lv_fs_littlefs.c.o
Compiling .pio\build\elecrow_rotary_21\lib90a\lvgl\extra\libs\fsdrv\lv_fs_posix.c.o
Compiling .pio\build\elecrow_rotary_21\lib90a\lvgl\extra\libs\fsdrv\lv_fs_stdio.c.o
Compiling .pio\build\elecrow_rotary_21\lib90a\lvgl\extra\libs\fsdrv\lv_fs_win32.c.o
Compiling .pio\build\elecrow_rotary_21\lib90a\lvgl\extra\libs\gif\gifdec.c.o
Compiling .pio\build\elecrow_rotary_21\lib90a\lvgl\extra\libs\gif\lv_gif.c.o
Compiling .pio\build\elecrow_rotary_21\lib90a\lvgl\extra\libs\png\lodepng.c.o
Compiling .pio\build\elecrow_rotary_21\lib90a\lvgl\extra\libs\png\lv_png.c.o
Compiling .pio\build\elecrow_rotary_21\lib90a\lvgl\extra\libs\qrcode\lv_qrcode.c.o
Compiling .pio\build\elecrow_rotary_21\lib90a\lvgl\extra\libs\qrcode\qrcodegen.c.o
Compiling .pio\build\elecrow_rotary_21\lib90a\lvgl\extra\libs\rlottie\lv_rlottie.c.o
Compiling .pio\build\elecrow_rotary_21\lib90a\lvgl\extra\libs\sjpg\lv_sjpg.c.o
Compiling .pio\build\elecrow_rotary_21\lib90a\lvgl\extra\libs\sjpg\tjpgd.c.o
Compiling .pio\build\elecrow_rotary_21\lib90a\lvgl\extra\libs\tiny_ttf\lv_tiny_ttf.c.o
Compiling .pio\build\elecrow_rotary_21\lib90a\lvgl\extra\lv_extra.c.o
Compiling .pio\build\elecrow_rotary_21\lib90a\lvgl\extra\others\fragment\lv_fragment.c.o
Compiling .pio\build\elecrow_rotary_21\lib90a\lvgl\extra\others\fragment\lv_fragment_manager.c.o
Compiling .pio\build\elecrow_rotary_21\lib90a\lvgl\extra\others\gridnav\lv_gridnav.c.o
Compiling .pio\build\elecrow_rotary_21\lib90a\lvgl\extra\others\ime\lv_ime_pinyin.c.o
Compiling .pio\build\elecrow_rotary_21\lib90a\lvgl\extra\others\imgfont\lv_imgfont.c.o
Compiling .pio\build\elecrow_rotary_21\lib90a\lvgl\extra\others\monkey\lv_monkey.c.o
Compiling .pio\build\elecrow_rotary_21\lib90a\lvgl\extra\others\msg\lv_msg.c.o
Compiling .pio\build\elecrow_rotary_21\lib90a\lvgl\extra\others\snapshot\lv_snapshot.c.o
Compiling .pio\build\elecrow_rotary_21\lib90a\lvgl\extra\themes\basic\lv_theme_basic.c.o
Compiling .pio\build\elecrow_rotary_21\lib90a\lvgl\extra\themes\default\lv_theme_default.c.o
Compiling .pio\build\elecrow_rotary_21\lib90a\lvgl\extra\themes\mono\lv_theme_mono.c.o
Compiling .pio\build\elecrow_rotary_21\lib90a\lvgl\extra\widgets\animimg\lv_animimg.c.o
Compiling .pio\build\elecrow_rotary_21\lib90a\lvgl\extra\widgets\calendar\lv_calendar.c.o
Compiling .pio\build\elecrow_rotary_21\lib90a\lvgl\extra\widgets\calendar\lv_calendar_header_arrow.c.o
Compiling .pio\build\elecrow_rotary_21\lib90a\lvgl\extra\widgets\calendar\lv_calendar_header_dropdown.c.o
Compiling .pio\build\elecrow_rotary_21\lib90a\lvgl\extra\widgets\chart\lv_chart.c.o
Compiling .pio\build\elecrow_rotary_21\lib90a\lvgl\extra\widgets\colorwheel\lv_colorwheel.c.o
Compiling .pio\build\elecrow_rotary_21\lib90a\lvgl\extra\widgets\imgbtn\lv_imgbtn.c.o
Compiling .pio\build\elecrow_rotary_21\lib90a\lvgl\extra\widgets\keyboard\lv_keyboard.c.o
Compiling .pio\build\elecrow_rotary_21\lib90a\lvgl\extra\widgets\led\lv_led.c.o
Compiling .pio\build\elecrow_rotary_21\lib90a\lvgl\extra\widgets\list\lv_list.c.o
Compiling .pio\build\elecrow_rotary_21\lib90a\lvgl\extra\widgets\menu\lv_menu.c.o
Compiling .pio\build\elecrow_rotary_21\lib90a\lvgl\extra\widgets\meter\lv_meter.c.o
Compiling .pio\build\elecrow_rotary_21\lib90a\lvgl\extra\widgets\msgbox\lv_msgbox.c.o
Compiling .pio\build\elecrow_rotary_21\lib90a\lvgl\extra\widgets\span\lv_span.c.o
Compiling .pio\build\elecrow_rotary_21\lib90a\lvgl\extra\widgets\spinbox\lv_spinbox.c.o
Compiling .pio\build\elecrow_rotary_21\lib90a\lvgl\extra\widgets\spinner\lv_spinner.c.o
Compiling .pio\build\elecrow_rotary_21\lib90a\lvgl\extra\widgets\tabview\lv_tabview.c.o
Compiling .pio\build\elecrow_rotary_21\lib90a\lvgl\extra\widgets\tileview\lv_tileview.c.o
Compiling .pio\build\elecrow_rotary_21\lib90a\lvgl\extra\widgets\win\lv_win.c.o
Compiling .pio\build\elecrow_rotary_21\lib90a\lvgl\font\lv_font.c.o
Compiling .pio\build\elecrow_rotary_21\lib90a\lvgl\font\lv_font_dejavu_16_persian_hebrew.c.o
Compiling .pio\build\elecrow_rotary_21\lib90a\lvgl\font\lv_font_fmt_txt.c.o
Compiling .pio\build\elecrow_rotary_21\lib90a\lvgl\font\lv_font_loader.c.o
Compiling .pio\build\elecrow_rotary_21\lib90a\lvgl\font\lv_font_montserrat_10.c.o
Compiling .pio\build\elecrow_rotary_21\lib90a\lvgl\font\lv_font_montserrat_12.c.o
Compiling .pio\build\elecrow_rotary_21\lib90a\lvgl\font\lv_font_montserrat_12_subpx.c.o
Compiling .pio\build\elecrow_rotary_21\lib90a\lvgl\font\lv_font_montserrat_14.c.o
Compiling .pio\build\elecrow_rotary_21\lib90a\lvgl\font\lv_font_montserrat_16.c.o
Compiling .pio\build\elecrow_rotary_21\lib90a\lvgl\font\lv_font_montserrat_18.c.o
Compiling .pio\build\elecrow_rotary_21\lib90a\lvgl\font\lv_font_montserrat_20.c.o
Compiling .pio\build\elecrow_rotary_21\lib90a\lvgl\font\lv_font_montserrat_22.c.o
Compiling .pio\build\elecrow_rotary_21\lib90a\lvgl\font\lv_font_montserrat_24.c.o
Compiling .pio\build\elecrow_rotary_21\lib90a\lvgl\font\lv_font_montserrat_26.c.o
Compiling .pio\build\elecrow_rotary_21\lib90a\lvgl\font\lv_font_montserrat_28.c.o
Compiling .pio\build\elecrow_rotary_21\lib90a\lvgl\font\lv_font_montserrat_28_compressed.c.o
Compiling .pio\build\elecrow_rotary_21\lib90a\lvgl\font\lv_font_montserrat_30.c.o
Compiling .pio\build\elecrow_rotary_21\lib90a\lvgl\font\lv_font_montserrat_32.c.o
Compiling .pio\build\elecrow_rotary_21\lib90a\lvgl\font\lv_font_montserrat_34.c.o
Compiling .pio\build\elecrow_rotary_21\lib90a\lvgl\font\lv_font_montserrat_36.c.o
Compiling .pio\build\elecrow_rotary_21\lib90a\lvgl\font\lv_font_montserrat_38.c.o
Compiling .pio\build\elecrow_rotary_21\lib90a\lvgl\font\lv_font_montserrat_40.c.o
Compiling .pio\build\elecrow_rotary_21\lib90a\lvgl\font\lv_font_montserrat_42.c.o
Compiling .pio\build\elecrow_rotary_21\lib90a\lvgl\font\lv_font_montserrat_44.c.o
Compiling .pio\build\elecrow_rotary_21\lib90a\lvgl\font\lv_font_montserrat_46.c.o
Compiling .pio\build\elecrow_rotary_21\lib90a\lvgl\font\lv_font_montserrat_48.c.o
Compiling .pio\build\elecrow_rotary_21\lib90a\lvgl\font\lv_font_montserrat_8.c.o
Compiling .pio\build\elecrow_rotary_21\lib90a\lvgl\font\lv_font_simsun_16_cjk.c.o
Compiling .pio\build\elecrow_rotary_21\lib90a\lvgl\font\lv_font_unscii_16.c.o
Compiling .pio\build\elecrow_rotary_21\lib90a\lvgl\font\lv_font_unscii_8.c.o
Compiling .pio\build\elecrow_rotary_21\lib90a\lvgl\hal\lv_hal_disp.c.o
Compiling .pio\build\elecrow_rotary_21\lib90a\lvgl\hal\lv_hal_indev.c.o
Compiling .pio\build\elecrow_rotary_21\lib90a\lvgl\hal\lv_hal_tick.c.o
Compiling .pio\build\elecrow_rotary_21\lib90a\lvgl\misc\lv_anim.c.o
Compiling .pio\build\elecrow_rotary_21\lib90a\lvgl\misc\lv_anim_timeline.c.o
Compiling .pio\build\elecrow_rotary_21\lib90a\lvgl\misc\lv_area.c.o
Compiling .pio\build\elecrow_rotary_21\lib90a\lvgl\misc\lv_async.c.o
Compiling .pio\build\elecrow_rotary_21\lib90a\lvgl\misc\lv_bidi.c.o
Compiling .pio\build\elecrow_rotary_21\lib90a\lvgl\misc\lv_color.c.o
Compiling .pio\build\elecrow_rotary_21\lib90a\lvgl\misc\lv_fs.c.o
Compiling .pio\build\elecrow_rotary_21\lib90a\lvgl\misc\lv_gc.c.o
Compiling .pio\build\elecrow_rotary_21\lib90a\lvgl\misc\lv_ll.c.o
Compiling .pio\build\elecrow_rotary_21\lib90a\lvgl\misc\lv_log.c.o
Compiling .pio\build\elecrow_rotary_21\lib90a\lvgl\misc\lv_lru.c.o
Compiling .pio\build\elecrow_rotary_21\lib90a\lvgl\misc\lv_math.c.o
Compiling .pio\build\elecrow_rotary_21\lib90a\lvgl\misc\lv_mem.c.o
Compiling .pio\build\elecrow_rotary_21\lib90a\lvgl\misc\lv_printf.c.o
Compiling .pio\build\elecrow_rotary_21\lib90a\lvgl\misc\lv_style.c.o
Compiling .pio\build\elecrow_rotary_21\lib90a\lvgl\misc\lv_style_gen.c.o
Compiling .pio\build\elecrow_rotary_21\lib90a\lvgl\misc\lv_templ.c.o
Compiling .pio\build\elecrow_rotary_21\lib90a\lvgl\misc\lv_timer.c.o
Compiling .pio\build\elecrow_rotary_21\lib90a\lvgl\misc\lv_tlsf.c.o
Compiling .pio\build\elecrow_rotary_21\lib90a\lvgl\misc\lv_txt.c.o
Compiling .pio\build\elecrow_rotary_21\lib90a\lvgl\misc\lv_txt_ap.c.o
Compiling .pio\build\elecrow_rotary_21\lib90a\lvgl\misc\lv_utils.c.o
Compiling .pio\build\elecrow_rotary_21\lib90a\lvgl\widgets\lv_arc.c.o
Compiling .pio\build\elecrow_rotary_21\lib90a\lvgl\widgets\lv_bar.c.o
Compiling .pio\build\elecrow_rotary_21\lib90a\lvgl\widgets\lv_btn.c.o
Compiling .pio\build\elecrow_rotary_21\lib90a\lvgl\widgets\lv_btnmatrix.c.o
Compiling .pio\build\elecrow_rotary_21\lib90a\lvgl\widgets\lv_canvas.c.o
Compiling .pio\build\elecrow_rotary_21\lib90a\lvgl\widgets\lv_checkbox.c.o
Compiling .pio\build\elecrow_rotary_21\lib90a\lvgl\widgets\lv_dropdown.c.o
Compiling .pio\build\elecrow_rotary_21\lib90a\lvgl\widgets\lv_img.c.o
Compiling .pio\build\elecrow_rotary_21\lib90a\lvgl\widgets\lv_label.c.o
Compiling .pio\build\elecrow_rotary_21\lib90a\lvgl\widgets\lv_line.c.o
Compiling .pio\build\elecrow_rotary_21\lib90a\lvgl\widgets\lv_objx_templ.c.o
Compiling .pio\build\elecrow_rotary_21\lib90a\lvgl\widgets\lv_roller.c.o
Compiling .pio\build\elecrow_rotary_21\lib90a\lvgl\widgets\lv_slider.c.o
Compiling .pio\build\elecrow_rotary_21\lib90a\lvgl\widgets\lv_switch.c.o
Compiling .pio\build\elecrow_rotary_21\lib90a\lvgl\widgets\lv_table.c.o
Compiling .pio\build\elecrow_rotary_21\lib90a\lvgl\widgets\lv_textarea.c.o
Compiling .pio\build\elecrow_rotary_21\lib4c0\SD_MMC\SD_MMC.cpp.o
Compiling .pio\build\elecrow_rotary_21\libcb8\WiFiClientSecure\WiFiClientSecure.cpp.o
Archiving .pio\build\elecrow_rotary_21\lib90a\liblvgl.a
Compiling .pio\build\elecrow_rotary_21\libcb8\WiFiClientSecure\esp_crt_bundle.c.o
Compiling .pio\build\elecrow_rotary_21\libcb8\WiFiClientSecure\ssl_client.cpp.o
Compiling .pio\build\elecrow_rotary_21\lib98b\HTTPClient\HTTPClient.cpp.o
Compiling .pio\build\elecrow_rotary_21\libb0d\NimBLEComm\NimBLEClientController.cpp.o
Compiling .pio\build\elecrow_rotary_21\libb0d\NimBLEComm\NimBLEComm.cpp.o
Compiling .pio\build\elecrow_rotary_21\libb0d\NimBLEComm\NimBLEServerController.cpp.o
Compiling .pio\build\elecrow_rotary_21\lib7a8\HTTPUpdate\HTTPUpdate.cpp.o
Compiling .pio\build\elecrow_rotary_21\lib109\OTA\ControllerOTA.cpp.o
Compiling .pio\build\elecrow_rotary_21\lib109\OTA\GitHubOTA.cpp.o
Archiving .pio\build\elecrow_rotary_21\lib4c0\libSD_MMC.a
Compiling .pio\build\elecrow_rotary_21\lib109\OTA\common.cpp.o
Compiling .pio\build\elecrow_rotary_21\lib109\OTA\semver.c.o
Compiling .pio\build\elecrow_rotary_21\lib109\OTA\semver_extensions.cpp.o
Compiling .pio\build\elecrow_rotary_21\lib3f2\Preferences\Preferences.cpp.o
Archiving .pio\build\elecrow_rotary_21\libcb8\libWiFiClientSecure.a
Compiling .pio\build\elecrow_rotary_21\FrameworkArduino\Esp.cpp.o
Compiling .pio\build\elecrow_rotary_21\FrameworkArduino\FirmwareMSC.cpp.o
Compiling .pio\build\elecrow_rotary_21\FrameworkArduino\FunctionalInterrupt.cpp.o
Archiving .pio\build\elecrow_rotary_21\lib98b\libHTTPClient.a
Compiling .pio\build\elecrow_rotary_21\FrameworkArduino\HWCDC.cpp.o
Compiling .pio\build\elecrow_rotary_21\FrameworkArduino\HardwareSerial.cpp.o
Archiving .pio\build\elecrow_rotary_21\libb0d\libNimBLEComm.a
Compiling .pio\build\elecrow_rotary_21\FrameworkArduino\IPAddress.cpp.o
Archiving .pio\build\elecrow_rotary_21\lib7a8\libHTTPUpdate.a
Compiling .pio\build\elecrow_rotary_21\FrameworkArduino\IPv6Address.cpp.o
Compiling .pio\build\elecrow_rotary_21\FrameworkArduino\MD5Builder.cpp.o
Compiling .pio\build\elecrow_rotary_21\FrameworkArduino\Print.cpp.o
Compiling .pio\build\elecrow_rotary_21\FrameworkArduino\Stream.cpp.o
Compiling .pio\build\elecrow_rotary_21\FrameworkArduino\StreamString.cpp.o
Archiving .pio\build\elecrow_rotary_21\lib3f2\libPreferences.a
Compiling .pio\build\elecrow_rotary_21\FrameworkArduino\Tone.cpp.o
Compiling .pio\build\elecrow_rotary_21\FrameworkArduino\USB.cpp.o
Compiling .pio\build\elecrow_rotary_21\FrameworkArduino\USBCDC.cpp.o
Compiling .pio\build\elecrow_rotary_21\FrameworkArduino\USBMSC.cpp.o
Archiving .pio\build\elecrow_rotary_21\lib109\libOTA.a
Compiling .pio\build\elecrow_rotary_21\FrameworkArduino\WMath.cpp.o
Compiling .pio\build\elecrow_rotary_21\FrameworkArduino\WString.cpp.o
Compiling .pio\build\elecrow_rotary_21\FrameworkArduino\base64.cpp.o
Compiling .pio\build\elecrow_rotary_21\FrameworkArduino\cbuf.cpp.o
Compiling .pio\build\elecrow_rotary_21\FrameworkArduino\esp32-hal-adc.c.o
Compiling .pio\build\elecrow_rotary_21\FrameworkArduino\esp32-hal-bt.c.o
Compiling .pio\build\elecrow_rotary_21\FrameworkArduino\esp32-hal-cpu.c.o
Compiling .pio\build\elecrow_rotary_21\FrameworkArduino\esp32-hal-dac.c.o
Compiling .pio\build\elecrow_rotary_21\FrameworkArduino\esp32-hal-gpio.c.o
Compiling .pio\build\elecrow_rotary_21\FrameworkArduino\esp32-hal-i2c-slave.c.o
Compiling .pio\build\elecrow_rotary_21\FrameworkArduino\esp32-hal-i2c.c.o
Compiling .pio\build\elecrow_rotary_21\FrameworkArduino\esp32-hal-ledc.c.o
Compiling .pio\build\elecrow_rotary_21\FrameworkArduino\esp32-hal-matrix.c.o
Compiling .pio\build\elecrow_rotary_21\FrameworkArduino\esp32-hal-misc.c.o
Compiling .pio\build\elecrow_rotary_21\FrameworkArduino\esp32-hal-psram.c.o
Compiling .pio\build\elecrow_rotary_21\FrameworkArduino\esp32-hal-rgb-led.c.o
Compiling .pio\build\elecrow_rotary_21\FrameworkArduino\esp32-hal-rmt.c.o
Compiling .pio\build\elecrow_rotary_21\FrameworkArduino\esp32-hal-sigmadelta.c.o
Compiling .pio\build\elecrow_rotary_21\FrameworkArduino\esp32-hal-spi.c.o
Compiling .pio\build\elecrow_rotary_21\FrameworkArduino\esp32-hal-time.c.o
Compiling .pio\build\elecrow_rotary_21\FrameworkArduino\esp32-hal-timer.c.o
Compiling .pio\build\elecrow_rotary_21\FrameworkArduino\esp32-hal-tinyusb.c.o
Compiling .pio\build\elecrow_rotary_21\FrameworkArduino\esp32-hal-touch.c.o
Compiling .pio\build\elecrow_rotary_21\FrameworkArduino\esp32-hal-uart.c.o
Compiling .pio\build\elecrow_rotary_21\FrameworkArduino\firmware_msc_fat.c.o
Compiling .pio\build\elecrow_rotary_21\FrameworkArduino\libb64\cdecode.c.o
Compiling .pio\build\elecrow_rotary_21\FrameworkArduino\libb64\cencode.c.o
Compiling .pio\build\elecrow_rotary_21\FrameworkArduino\main.cpp.o
Compiling .pio\build\elecrow_rotary_21\FrameworkArduino\stdlib_noniso.c.o
Compiling .pio\build\elecrow_rotary_21\FrameworkArduino\wiring_pulse.c.o
Compiling .pio\build\elecrow_rotary_21\FrameworkArduino\wiring_shift.c.o
C:\Users\Administrator\.platformio\penv\Scripts\platformio.exe : C:/Users/Admin
istrator/.platformio/packages/framework-arduinoespressif32@3.20014.231204/cores
/esp32/esp32-hal-uart.c: In function 'uartSetPins':
At line:1 char:1
+ C:\Users\Administrator\.platformio\penv\Scripts\platformio.exe run -- ...
+ ~~~~~~~~~~~~~~~~~~~~~~~~~~~~~~~~~~~~~~~~~~~~~~~~~~~~~~~~~~~~~~~~~~~~~
    + CategoryInfo          : NotSpecified: (C:/Users/Admini... 'uartSetPins': 
   :String) [], RemoteException
    + FullyQualifiedErrorId : NativeCommandError
 
C:/Users/Administrator/.platformio/packages/framework-arduinoespressif32@3.2001
4.231204/cores/esp32/esp32-hal-uart.c:153:9: warning: 'return' with no value, 
in function returning non-void
         return;
         ^~~~~~
C:/Users/Administrator/.platformio/packages/framework-arduinoespressif32@3.2001
4.231204/cores/esp32/esp32-hal-uart.c:149:6: note: declared here
 bool uartSetPins(uint8_t uart_num, int8_t rxPin, int8_t txPin, int8_t ctsPin, 
int8_t rtsPin)
      ^~~~~~~~~~~
Archiving .pio\build\elecrow_rotary_21\libFrameworkArduino.a
Linking .pio\build\elecrow_rotary_21\firmware.elf
Retrieving maximum program size .pio\build\elecrow_rotary_21\firmware.elf
Checking size .pio\build\elecrow_rotary_21\firmware.elf
Advanced Memory Usage is available via "PlatformIO Home > Project Inspect"
RAM:   [==        ]  22.7% (used 74304 bytes from 327680 bytes)
Flash: [========  ]  76.0% (used 4980565 bytes from 6553600 bytes)
Building .pio\build\elecrow_rotary_21\firmware.bin
esptool.py v4.5.1
Creating esp32s3 image...
Merged 2 ELF sections
Successfully created esp32s3 image.
======================== [SUCCESS] Took 133.21 seconds ========================

Environment        Status    Duration
-----------------  --------  ------------
elecrow_rotary_21  SUCCESS   00:02:13.213
========================= 1 succeeded in 00:02:13.213 =========================
