Disconnected (ClearCommError failed (PermissionError(13, 'The device does not recognize the command.', None, 22)))
Reconnecting to COM4 	 Connected!
Disconnected (ClearCommError failed (PermissionError(13, 'The device does not recognize the command.', None, 22)))
Reconnecting to COM4 	 Connected!
Disconnected (ClearCommError failed (PermissionError(13, 'The device does not recognize the command.', None, 22)))
Reconnecting to COM4 	 Connected!
Disconnected (ClearCommError failed (PermissionError(13, 'The device does not recognize the command.', None, 22)))
Reconnecting to COM4 ........	 Connected!
Disconnected (ClearCommError failed (PermissionError(13, 'The device does not recognize the command.', None, 22)))
Reconnecting to COM4 ...........	 Connected!
Disconnected (ClearCommError failed (PermissionError(13, 'The device does not recognize the command.', None, 22)))
Reconnecting to COM4 ........Esp32ExceptionDecoder: disabling, exception while looking for addr2line: Processing elecrow_rotary_21 (platform: espressif32 @ 6.5.0; board: esp32-s3-devkitc-1; framework: arduino)
--------------------------------------------------------------------------------
Verbose mode can be enabled via `-v, --verbose` option
[pio] Forced num_jobs=1 for stable build/upload
CONFIGURATION: https://docs.platformio.org/page/boards/espressif32/esp32-s3-devkitc-1.html
PLATFORM: Espressif 32 (6.5.0) > Espressif ESP32-S3-DevKitC-1-N8 (8 MB QD, No PSRAM)
HARDWARE: ESP32S3 240MHz, 320KB RAM, 8MB Flash
DEBUG: Current (esp-builtin) On-board (esp-builtin) External (cmsis-dap, esp-bridge, esp-prog, iot-bus-jtag, jlink, minimodule, olimex-arm-usb-ocd, olimex-arm-usb-ocd-h, olimex-arm-usb-tiny-h, olimex-jtag-tiny, tumpa)
PACKAGES: 
 - framework-arduinoespressif32 @ 3.20014.231204 (2.0.14) 
 - tool-esptoolpy @ 1.40501.0 (4.5.1) 
 - toolchain-riscv32-esp @ 8.4.0+2021r2-patch5 
 - toolchain-xtensa-esp32s3 @ 8.4.0+2021r2-patch5
LDF: Library Dependency Finder -> https://bit.ly/configure-pio-ldf
LDF Modes: Finder ~ chain, Compatibility ~ soft
Found 57 compatible libraries
Scanning dependencies...
Dependency Graph
|-- FS @ 2.0.0
|-- SPIFFS @ 2.0.0
|-- Wire @ 2.0.0
|-- SPI @ 2.0.0
|-- ble_ota_dfu @ 1.0.0
|-- NimBLE-Arduino @ 1.4.3
|-- ESPAsyncWebServer @ 3.9.1+sha.30a4976
|-- ArduinoJson @ 7.4.3
|-- MQTT @ 2.5.2
|-- esp-arduino-ble-scales @ 0.0.0+20260407000732.sha.46bae8c
|-- HomeSpan @ 1.9.1
|-- SensorLib @ 0.2.3
|-- Adafruit PCF8574 @ 1.1.2
|-- GFX Library for Arduino @ 1.4.0
|-- lvgl @ 8.3.11
|-- SD_MMC @ 2.0.0
|-- WiFi @ 2.0.0
|-- ESPmDNS @ 2.0.0
|-- HTTPClient @ 2.0.0
|-- DNSServer @ 2.0.0
|-- NimBLEComm @ 1.0.0
|-- OTA
|-- Preferences @ 2.0.0
Building in release mode
FileNotFoundError: [Errno 2] No such file or directory: 'C:\\Users\\Administrator\\Desktop\\gaggimate-master\\.pio\\build\\elecrow_rotary_21\\idedata.json':
  File "C:\Users\Administrator\.platformio\penv\Lib\site-packages\platformio\builder\main.py", line 226:
    with open(
========================= [FAILED] Took 11.18 seconds =========================

Environment        Status    Duration
-----------------  --------  ------------
elecrow_rotary_21  FAILED    00:00:11.178
==================== 1 failed, 0 succeeded in 00:00:11.178 ====================

	 Connected!
